timestamp: 2014-10-30T01:00:50.505131
CREATE TABLE PERIODOS_ABERTOS_AVAL(
    ANO_EXERCICIO INTEGER NOT NULL,
    PRIMARY KEY(ANO_EXERCICIO)) ;
timestamp: 2014-10-30T01:00:56.510201
CREATE TABLE PERIODOS_ABERTOS_AVAL(
    ANO_EXERCICIO INTEGER NOT NULL,
    PRIMARY KEY(ANO_EXERCICIO)) ;
timestamp: 2014-10-30T01:00:57.323566
CREATE TABLE PERIODOS_ABERTOS_AVAL(
    ANO_EXERCICIO INTEGER NOT NULL,
    PRIMARY KEY(ANO_EXERCICIO)) ;
timestamp: 2014-10-30T01:01:26.884026
CREATE TABLE SUBORDINADOS_EXCLUIR(
    id SERIAL PRIMARY KEY,
    SIAPE_SERVIDOR INTEGER,
    SIAPE_CHEFIA_TITULAR INTEGER,
    OBSERVACAO TEXT,
    UNIDADE_EXERCICIO_SERVIDOR VARCHAR(512)
);
success!
timestamp: 2014-10-30T01:01:27.028084
CREATE TABLE auth_user(
    id SERIAL PRIMARY KEY,
    first_name VARCHAR(128),
    last_name VARCHAR(128),
    email VARCHAR(512),
    username VARCHAR(128),
    password VARCHAR(512),
    registration_key VARCHAR(512),
    reset_password_key VARCHAR(512),
    registration_id VARCHAR(512)
);
